# JRE version: Java(TM) SE Runtime Environment (12.0+33) (build 12+33)
# Java VM: Java HotSpot(TM) 64-Bit Server VM (12+33, mixed mode, sharing, tiered, compressed oops, g1 gc, windows-amd64)
Heap:
 garbage-first heap   total 133120K, used 72250K [0x0000000702600000, 0x0000000800000000)
  region size 1024K, 6 young (6144K), 3 survivors (3072K)
 Metaspace       used 124320K, capacity 129405K, committed 129792K, reserved 1163264K
  class space    used 13222K, capacity 15256K, committed 15360K, reserved 1048576K
GC Heap History (10 events):
Event: 4210.391 GC heap before
{Heap before GC invocations=468 (full 47):
 garbage-first heap   total 133120K, used 107807K [0x0000000702600000, 0x0000000800000000)
  region size 1024K, 45 young (46080K), 0 survivors (0K)
 Metaspace       used 123242K, capacity 128313K, committed 128640K, reserved 1163264K
  class space    used 13151K, capacity 15170K, committed 15232K, reserved 1048576K
}
Event: 4210.395 GC heap after
{Heap after GC invocations=469 (full 47):
 garbage-first heap   total 133120K, used 63775K [0x0000000702600000, 0x0000000800000000)
  region size 1024K, 2 young (2048K), 2 survivors (2048K)
 Metaspace       used 123242K, capacity 128313K, committed 128640K, reserved 1163264K
  class space    used 13151K, capacity 15170K, committed 15232K, reserved 1048576K
}
Event: 4210.530 GC heap before
{Heap before GC invocations=470 (full 47):
 garbage-first heap   total 133120K, used 108831K [0x0000000702600000, 0x0000000800000000)
  region size 1024K, 47 young (48128K), 2 survivors (2048K)
 Metaspace       used 123353K, capacity 128377K, committed 128640K, reserved 1163264K
  class space    used 13162K, capacity 15170K, committed 15232K, reserved 1048576K
}
Event: 4210.532 GC heap after
{Heap after GC invocations=471 (full 47):
 garbage-first heap   total 133120K, used 64863K [0x0000000702600000, 0x0000000800000000)
  region size 1024K, 4 young (4096K), 4 survivors (4096K)
 Metaspace       used 123353K, capacity 128377K, committed 128640K, reserved 1163264K
  class space    used 13162K, capacity 15170K, committed 15232K, reserved 1048576K
}
Event: 4210.677 GC heap before
{Heap before GC invocations=471 (full 47):
 garbage-first heap   total 133120K, used 108895K [0x0000000702600000, 0x0000000800000000)
  region size 1024K, 48 young (49152K), 4 survivors (4096K)
 Metaspace       used 123356K, capacity 128377K, committed 128640K, reserved 1163264K
  class space    used 13162K, capacity 15170K, committed 15232K, reserved 1048576K
}
Event: 4210.683 GC heap after
{Heap after GC invocations=472 (full 47):
 garbage-first heap   total 133120K, used 65757K [0x0000000702600000, 0x0000000800000000)
  region size 1024K, 4 young (4096K), 4 survivors (4096K)
 Metaspace       used 123356K, capacity 128377K, committed 128640K, reserved 1163264K
  class space    used 13162K, capacity 15170K, committed 15232K, reserved 1048576K
}
Event: 4211.864 GC heap before
{Heap before GC invocations=473 (full 47):
 garbage-first heap   total 133120K, used 110813K [0x0000000702600000, 0x0000000800000000)
  region size 1024K, 48 young (49152K), 4 survivors (4096K)
 Metaspace       used 123962K, capacity 129045K, committed 129536K, reserved 1163264K
  class space    used 13201K, capacity 15212K, committed 15360K, reserved 1048576K
}
Event: 4211.867 GC heap after
{Heap after GC invocations=474 (full 47):
 garbage-first heap   total 133120K, used 68767K [0x0000000702600000, 0x0000000800000000)
  region size 1024K, 6 young (6144K), 6 survivors (6144K)
 Metaspace       used 123962K, capacity 129045K, committed 129536K, reserved 1163264K
  class space    used 13201K, capacity 15212K, committed 15360K, reserved 1048576K
}
Event: 4215.580 GC heap before
{Heap before GC invocations=474 (full 47):
 garbage-first heap   total 133120K, used 109727K [0x0000000702600000, 0x0000000800000000)
  region size 1024K, 46 young (47104K), 6 survivors (6144K)
 Metaspace       used 124320K, capacity 129405K, committed 129792K, reserved 1163264K
  class space    used 13222K, capacity 15256K, committed 15360K, reserved 1048576K
}
Event: 4215.584 GC heap after
{Heap after GC invocations=475 (full 47):
 garbage-first heap   total 133120K, used 70202K [0x0000000702600000, 0x0000000800000000)
  region size 1024K, 3 young (3072K), 3 survivors (3072K)
 Metaspace       used 124320K, capacity 129405K, committed 129792K, reserved 1163264K
  class space    used 13222K, capacity 15256K, committed 15360K, reserved 1048576K
}

