# JRE version: Java(TM) SE Runtime Environment (12.0+33) (build 12+33)
# Java VM: Java HotSpot(TM) 64-Bit Server VM (12+33, mixed mode, sharing, tiered, compressed oops, g1 gc, windows-amd64)
Heap:
 garbage-first heap   total 227328K, used 130469K [0x0000000702600000, 0x0000000800000000)
  region size 1024K, 51 young (52224K), 6 survivors (6144K)
 Metaspace       used 101906K, capacity 106326K, committed 106624K, reserved 1142784K
  class space    used 11790K, capacity 13416K, committed 13440K, reserved 1048576K
GC Heap History (10 events):
Event: 1513.681 GC heap before
{Heap before GC invocations=217 (full 21):
 garbage-first heap   total 155648K, used 128560K [0x0000000702600000, 0x0000000800000000)
  region size 1024K, 52 young (53248K), 6 survivors (6144K)
 Metaspace       used 101125K, capacity 105458K, committed 105856K, reserved 1142784K
  class space    used 11726K, capacity 13341K, committed 13440K, reserved 1048576K
}
Event: 1513.688 GC heap after
{Heap after GC invocations=218 (full 21):
 garbage-first heap   total 155648K, used 83543K [0x0000000702600000, 0x0000000800000000)
  region size 1024K, 5 young (5120K), 5 survivors (5120K)
 Metaspace       used 101125K, capacity 105458K, committed 105856K, reserved 1142784K
  class space    used 11726K, capacity 13341K, committed 13440K, reserved 1048576K
}
Event: 1516.084 GC heap before
{Heap before GC invocations=219 (full 21):
 garbage-first heap   total 163840K, used 130647K [0x0000000702600000, 0x0000000800000000)
  region size 1024K, 51 young (52224K), 5 survivors (5120K)
 Metaspace       used 101632K, capacity 106044K, committed 106368K, reserved 1142784K
  class space    used 11759K, capacity 13381K, committed 13440K, reserved 1048576K
}
Event: 1516.086 GC heap after
{Heap after GC invocations=220 (full 21):
 garbage-first heap   total 163840K, used 83607K [0x0000000702600000, 0x0000000800000000)
  region size 1024K, 3 young (3072K), 3 survivors (3072K)
 Metaspace       used 101632K, capacity 106044K, committed 106368K, reserved 1142784K
  class space    used 11759K, capacity 13381K, committed 13440K, reserved 1048576K
}
Event: 1540.462 GC heap before
{Heap before GC invocations=220 (full 21):
 garbage-first heap   total 163840K, used 135831K [0x0000000702600000, 0x0000000800000000)
  region size 1024K, 54 young (55296K), 3 survivors (3072K)
 Metaspace       used 101632K, capacity 106044K, committed 106368K, reserved 1142784K
  class space    used 11759K, capacity 13381K, committed 13440K, reserved 1048576K
}
Event: 1540.464 GC heap after
{Heap after GC invocations=221 (full 21):
 garbage-first heap   total 163840K, used 83459K [0x0000000702600000, 0x0000000800000000)
  region size 1024K, 3 young (3072K), 3 survivors (3072K)
 Metaspace       used 101632K, capacity 106044K, committed 106368K, reserved 1142784K
  class space    used 11759K, capacity 13381K, committed 13440K, reserved 1048576K
}
Event: 1558.890 GC heap before
{Heap before GC invocations=222 (full 21):
 garbage-first heap   total 163840K, used 134659K [0x0000000702600000, 0x0000000800000000)
  region size 1024K, 54 young (55296K), 3 survivors (3072K)
 Metaspace       used 101626K, capacity 106030K, committed 106368K, reserved 1142784K
  class space    used 11760K, capacity 13380K, committed 13440K, reserved 1048576K
}
Event: 1558.892 GC heap after
{Heap after GC invocations=223 (full 21):
 garbage-first heap   total 163840K, used 84384K [0x0000000702600000, 0x0000000800000000)
  region size 1024K, 4 young (4096K), 4 survivors (4096K)
 Metaspace       used 101626K, capacity 106030K, committed 106368K, reserved 1142784K
  class space    used 11760K, capacity 13380K, committed 13440K, reserved 1048576K
}
Event: 1559.146 GC heap before
{Heap before GC invocations=223 (full 21):
 garbage-first heap   total 163840K, used 135584K [0x0000000702600000, 0x0000000800000000)
  region size 1024K, 55 young (56320K), 4 survivors (4096K)
 Metaspace       used 101906K, capacity 106326K, committed 106624K, reserved 1142784K
  class space    used 11790K, capacity 13416K, committed 13440K, reserved 1048576K
}
Event: 1559.152 GC heap after
{Heap after GC invocations=224 (full 21):
 garbage-first heap   total 163840K, used 86437K [0x0000000702600000, 0x0000000800000000)
  region size 1024K, 6 young (6144K), 6 survivors (6144K)
 Metaspace       used 101906K, capacity 106326K, committed 106624K, reserved 1142784K
  class space    used 11790K, capacity 13416K, committed 13440K, reserved 1048576K
}

